{"logTime": "0316/121606", "correlationVector":"MMkUxthXFwkRmt+rCiv0xF.1","action":"SyncServerConnectionManagerRequest", "result":"SYNC_SERVER_OK", "context":{"environment":"Prod_SoutheastAsia_000j", "migrationStage":"NotStarted", "server":"GENERAL01000012"}}
{"logTime": "0316/121606", "correlationVector":"MMkUxthXFwkRmt+rCiv0xF","action":"Initial GetUpdates", "result":"", "context":Reason: NEW_CLIENT. cV=MMkUxthXFwkRmt+rCiv0xF}
{"logTime": "0316/121606", "correlationVector":"MMkUxthXFwkRmt+rCiv0xF.2","action":"GetUpdates Response", "result":"SYNCER_OK", "context":Received 1 update(s). cV=MMkUxthXFwkRmt+rCiv0xF.0;server=GENERAL01000012;cloudType=Consumer;environment=Prod_SoutheastAsia_000j;migrationStage=NotStarted}
{"logTime": "0316/121606", "correlationVector":"6zndP8v6GE5DAqFhUdgiEQ","action":"SyncServerConnectionManagerRequest", "result":"SYNC_SERVER_OK", "context":{"environment":"", "migrationStage":"", "server":""}}
{"logTime": "0316/121606", "correlationVector":"HksiBVycurWR+iiqUVi5nD","action":"Initial GetUpdates", "result":"", "context":Reason: NEW_CLIENT. cV=HksiBVycurWR+iiqUVi5nD}
{"logTime": "0316/121607", "correlationVector":"HksiBVycurWR+iiqUVi5nD.1","action":"SyncServerConnectionManagerRequest", "result":"SYNC_SERVER_OK", "context":{"environment":"Prod_SoutheastAsia_000j", "migrationStage":"NotStarted", "server":"GENERAL0100000O"}}
{"logTime": "0316/121607", "correlationVector":"HksiBVycurWR+iiqUVi5nD.2","action":"GetUpdates Response", "result":"SYNCER_OK", "context":Received 3 update(s). cV=HksiBVycurWR+iiqUVi5nD.0;server=GENERAL0100000O;cloudType=Consumer;environment=Prod_SoutheastAsia_000j;migrationStage=NotStarted}
{"logTime": "0316/121607", "correlationVector":"i0JYhvNFrAH7kVoMP3X5E9","action":"Normal GetUpdate request", "result":"", "context":cV=i0JYhvNFrAH7kVoMP3X5E9
Nudged types: Device Info, User Consents
Refresh requested types: Device Info, User Consents, Send Tab To Self, Encryption Keys}
{"logTime": "0316/121607", "correlationVector":"i0JYhvNFrAH7kVoMP3X5E9.1","action":"SyncServerConnectionManagerRequest", "result":"SYNC_SERVER_OK", "context":{"environment":"Prod_SoutheastAsia_000j", "migrationStage":"NotStarted", "server":"GENERAL0100000C"}}
{"logTime": "0316/121607", "correlationVector":"i0JYhvNFrAH7kVoMP3X5E9.2","action":"GetUpdates Response", "result":"SYNCER_OK", "context":Received 0 update(s). cV=i0JYhvNFrAH7kVoMP3X5E9.0;server=GENERAL0100000C;cloudType=Consumer;environment=Prod_SoutheastAsia_000j;migrationStage=NotStarted}
{"logTime": "0316/121607", "correlationVector":"TbjqGnYyrl1rh89EaTrZgX","action":"Commit Request", "result":"", "context":Item count: 2
Contributing types: Device Info, User Consents}
{"logTime": "0316/121607", "correlationVector":"TbjqGnYyrl1rh89EaTrZgX.1","action":"SyncServerConnectionManagerRequest", "result":"SYNC_SERVER_OK", "context":{"environment":"Prod_SoutheastAsia_000j", "migrationStage":"NotStarted", "server":"GENERAL01000016"}}
{"logTime": "0316/121607", "correlationVector":"TbjqGnYyrl1rh89EaTrZgX.2","action":"Commit Response", "result":"SYNCER_OK", "context":Result: SYNCER_OK. cV=TbjqGnYyrl1rh89EaTrZgX.0;server=GENERAL01000016;cloudType=Consumer;environment=Prod_SoutheastAsia_000j;migrationStage=NotStarted}
{"logTime": "0316/121607", "correlationVector":"OJrXWauK+vlhPb74AMC3Ep","action":"Normal GetUpdate request", "result":"", "context":cV=OJrXWauK+vlhPb74AMC3Ep
Nudged types: Device Info}
{"logTime": "0316/121608", "correlationVector":"OJrXWauK+vlhPb74AMC3Ep.1","action":"SyncServerConnectionManagerRequest", "result":"SYNC_SERVER_OK", "context":{"environment":"Prod_SoutheastAsia_000j", "migrationStage":"NotStarted", "server":"GENERAL0300001H"}}
{"logTime": "0316/121608", "correlationVector":"OJrXWauK+vlhPb74AMC3Ep.2","action":"GetUpdates Response", "result":"SYNCER_OK", "context":Received 1 update(s). cV=OJrXWauK+vlhPb74AMC3Ep.0;server=GENERAL0300001H;cloudType=Consumer;environment=Prod_SoutheastAsia_000j;migrationStage=NotStarted}
